<?xml version="1.0" encoding="UTF-8"?>
<testsuite xmlns:xsi="http://www.w3.org/2001/XMLSchema-instance" xsi:noNamespaceSchemaLocation="https://maven.apache.org/surefire/maven-surefire-plugin/xsd/surefire-test-report-3.0.xsd" version="3.0" name="com.questapp.QuestApp.QuestAppApplicationTests" time="6.575" tests="1" errors="0" skipped="0" failures="0">
  <properties>
[...]
</properties>
  <testcase name="contextLoads" classname="com.questapp.QuestApp.QuestAppApplicationTests" time="0.485">
    <system-out><![CDATA[23:03:41.313 [main] INFO org.springframework.test.context.support.AnnotationConfigContextLoaderUtils -- Could not detect default configuration classes for test class [com.questapp.QuestApp.QuestAppApplicationTests]: QuestAppApplicationTests does not declare any static, non-private, non-final, nested classes annotated with @Configuration.
23:03:41.433 [main] INFO org.springframework.boot.test.context.SpringBootTestContextBootstrapper -- Found @SpringBootConfiguration com.questapp.QuestApp.QuestAppApplication for test class com.questapp.QuestApp.QuestAppApplicationTests
23:03:41.664 [main] INFO org.springframework.boot.devtools.restart.RestartApplicationListener -- Restart disabled due to context in which it is running

  .   ____          _            __ _ _
 /\\ / ___'_ __ _ _(_)_ __  __ _ \ \ \ \
( ( )\___ | '_ | '_| | '_ \/ _` | \ \ \ \
 \\/  ___)| |_)| | | | | || (_| |  ) ) ) )
  '  |____| .__|_| |_|_| |_\__, | / / / /
 =========|_|==============|___/=/_/_/_/

 :: Spring Boot ::                (v3.3.2)

2024-08-25T23:03:42.007+03:00  INFO 9504 --- [QuestApp] [           main] c.q.QuestApp.QuestAppApplicationTests    : Starting QuestAppApplicationTests using Java 17.0.11 with PID 9504 (started by halil in C:\Users\halil\Downloads\QuestApp\QuestApp)
2024-08-25T23:03:42.009+03:00  INFO 9504 --- [QuestApp] [           main] c.q.QuestApp.QuestAppApplicationTests    : No active profile set, falling back to 1 default profile: "default"
2024-08-25T23:03:42.903+03:00  INFO 9504 --- [QuestApp] [           main] .s.d.r.c.RepositoryConfigurationDelegate : Bootstrapping Spring Data JPA repositories in DEFAULT mode.
2024-08-25T23:03:43.003+03:00  INFO 9504 --- [QuestApp] [           main] .s.d.r.c.RepositoryConfigurationDelegate : Finished Spring Data repository scanning in 86 ms. Found 4 JPA repository interfaces.
2024-08-25T23:03:43.607+03:00  INFO 9504 --- [QuestApp] [           main] o.hibernate.jpa.internal.util.LogHelper  : HHH000204: Processing PersistenceUnitInfo [name: default]
2024-08-25T23:03:43.684+03:00  INFO 9504 --- [QuestApp] [           main] org.hibernate.Version                    : HHH000412: Hibernate ORM core version 6.5.2.Final
2024-08-25T23:03:43.737+03:00  INFO 9504 --- [QuestApp] [           main] o.h.c.internal.RegionFactoryInitiator    : HHH000026: Second-level cache disabled
2024-08-25T23:03:44.213+03:00  INFO 9504 --- [QuestApp] [           main] o.s.o.j.p.SpringPersistenceUnitInfo      : No LoadTimeWeaver setup: ignoring JPA class transformer
2024-08-25T23:03:44.245+03:00  INFO 9504 --- [QuestApp] [           main] com.zaxxer.hikari.HikariDataSource       : HikariPool-1 - Starting...
2024-08-25T23:03:44.249+03:00  WARN 9504 --- [QuestApp] [           main] c.zaxxer.hikari.util.DriverDataSource    : Registered driver with driverClassName=com.mysql.jdbc.Driver was not found, trying direct instantiation.
2024-08-25T23:03:44.609+03:00  INFO 9504 --- [QuestApp] [           main] com.zaxxer.hikari.pool.HikariPool        : HikariPool-1 - Added connection com.mysql.cj.jdbc.ConnectionImpl@7a1ddbf1
2024-08-25T23:03:44.612+03:00  INFO 9504 --- [QuestApp] [           main] com.zaxxer.hikari.HikariDataSource       : HikariPool-1 - Start completed.
2024-08-25T23:03:45.745+03:00  INFO 9504 --- [QuestApp] [           main] o.h.e.t.j.p.i.JtaPlatformInitiator       : HHH000489: No JTA platform available (set 'hibernate.transaction.jta.platform' to enable JTA platform integration)
2024-08-25T23:03:45.860+03:00  INFO 9504 --- [QuestApp] [           main] j.LocalContainerEntityManagerFactoryBean : Initialized JPA EntityManagerFactory for persistence unit 'default'
2024-08-25T23:03:46.280+03:00  INFO 9504 --- [QuestApp] [           main] r$InitializeUserDetailsManagerConfigurer : Global AuthenticationManager configured with UserDetailsService bean with name userDetailsServiceImpl
2024-08-25T23:03:46.389+03:00  WARN 9504 --- [QuestApp] [           main] JpaBaseConfiguration$JpaWebConfiguration : spring.jpa.open-in-view is enabled by default. Therefore, database queries may be performed during view rendering. Explicitly configure spring.jpa.open-in-view to disable this warning
2024-08-25T23:03:47.189+03:00  INFO 9504 --- [QuestApp] [           main] c.q.QuestApp.QuestAppApplicationTests    : Started QuestAppApplicationTests in 5.543 seconds (process running for 6.695)
]]></system-out>
    <system-err><![CDATA[Loading class `com.mysql.jdbc.Driver'. This is deprecated. The new driver class is `com.mysql.cj.jdbc.Driver'. The driver is automatically registered via the SPI and manual loading of the driver class is generally unnecessary.
]]></system-err>
  </testcase>
</testsuite>